Determining if the pthread_create exist failed with the following output:
Change Dir: /home/pi/Desktop/Spyndra/spyndra/CMakeFiles/CMakeTmp

Run Build Command:"/usr/bin/make" "cmTC_a6e28/fast"
/usr/bin/make -f CMakeFiles/cmTC_a6e28.dir/build.make CMakeFiles/cmTC_a6e28.dir/build
make[1]: Entering directory '/home/pi/Desktop/Spyndra/spyndra/CMakeFiles/CMakeTmp'
Building C object CMakeFiles/cmTC_a6e28.dir/CheckSymbolExists.c.o
/usr/bin/cc     -o CMakeFiles/cmTC_a6e28.dir/CheckSymbolExists.c.o   -c /home/pi/Desktop/Spyndra/spyndra/CMakeFiles/CMakeTmp/CheckSymbolExists.c
Linking C executable cmTC_a6e28
/usr/bin/cmake -E cmake_link_script CMakeFiles/cmTC_a6e28.dir/link.txt --verbose=1
/usr/bin/cc       CMakeFiles/cmTC_a6e28.dir/CheckSymbolExists.c.o  -o cmTC_a6e28 -rdynamic 
CMakeFiles/cmTC_a6e28.dir/CheckSymbolExists.c.o: In function `main':
CheckSymbolExists.c:(.text+0x38): undefined reference to `pthread_create'
collect2: error: ld returned 1 exit status
CMakeFiles/cmTC_a6e28.dir/build.make:97: recipe for target 'cmTC_a6e28' failed
make[1]: *** [cmTC_a6e28] Error 1
make[1]: Leaving directory '/home/pi/Desktop/Spyndra/spyndra/CMakeFiles/CMakeTmp'
Makefile:126: recipe for target 'cmTC_a6e28/fast' failed
make: *** [cmTC_a6e28/fast] Error 2

File /home/pi/Desktop/Spyndra/spyndra/CMakeFiles/CMakeTmp/CheckSymbolExists.c:
/* */
#include <pthread.h>

int main(int argc, char** argv)
{
  (void)argv;
#ifndef pthread_create
  return ((int*)(&pthread_create))[argc];
#else
  (void)argc;
  return 0;
#endif
}

Determining if the function pthread_create exists in the pthreads failed with the following output:
Change Dir: /home/pi/Desktop/Spyndra/spyndra/CMakeFiles/CMakeTmp

Run Build Command:"/usr/bin/make" "cmTC_862a3/fast"
/usr/bin/make -f CMakeFiles/cmTC_862a3.dir/build.make CMakeFiles/cmTC_862a3.dir/build
make[1]: Entering directory '/home/pi/Desktop/Spyndra/spyndra/CMakeFiles/CMakeTmp'
Building C object CMakeFiles/cmTC_862a3.dir/CheckFunctionExists.c.o
/usr/bin/cc    -DCHECK_FUNCTION_EXISTS=pthread_create   -o CMakeFiles/cmTC_862a3.dir/CheckFunctionExists.c.o   -c /usr/share/cmake-3.6/Modules/CheckFunctionExists.c
Linking C executable cmTC_862a3
/usr/bin/cmake -E cmake_link_script CMakeFiles/cmTC_862a3.dir/link.txt --verbose=1
/usr/bin/cc   -DCHECK_FUNCTION_EXISTS=pthread_create    CMakeFiles/cmTC_862a3.dir/CheckFunctionExists.c.o  -o cmTC_862a3 -rdynamic -lpthreads 
/usr/bin/ld: cannot find -lpthreads
collect2: error: ld returned 1 exit status
CMakeFiles/cmTC_862a3.dir/build.make:97: recipe for target 'cmTC_862a3' failed
make[1]: *** [cmTC_862a3] Error 1
make[1]: Leaving directory '/home/pi/Desktop/Spyndra/spyndra/CMakeFiles/CMakeTmp'
Makefile:126: recipe for target 'cmTC_862a3/fast' failed
make: *** [cmTC_862a3/fast] Error 2


